
> @fanpocket/server@0.1.0 dev
> ts-node-dev --respawn --transpile-only src/index.ts

[INFO] 01:00:18 ts-node-dev ver. 2.0.0 (using ts-node ver. 10.9.2, typescript ver. 5.9.3)
(node:14952) [MONGOOSE] Warning: Duplicate schema index on {"email":1} found. This is often due to declaring an index using both "index: true" and "schema.index()". Please remove the duplicate index definition.
(Use `node --trace-warnings ...` to show where the warning was created)
(node:14952) [MONGOOSE] Warning: Duplicate schema index on {"username":1} found. This is often due to declaring an index using both "index: true" and "schema.index()". Please remove the duplicate index definition.
(node:14952) [MONGOOSE] Warning: Duplicate schema index on {"slug":1} found. This is often due to declaring an index using both "index: true" and "schema.index()". Please remove the duplicate index definition.
(node:14952) [MONGOOSE] Warning: Duplicate schema index on {"slug":1} found. This is often due to declaring an index using both "index: true" and "schema.index()". Please remove the duplicate index definition.
✅ MongoDB connected successfully
🚀 Server running on port 5000 in development mode
Error: {
  message: 'Cast to ObjectId failed for value "invalidid" (type string) at path "_id" for model "Match"',
  stack: 'CastError: Cast to ObjectId failed for value "invalidid" (type string) at path "_id" for model "Match"\n' +
    '    at SchemaObjectId.cast (/home/engine/project/node_modules/mongoose/lib/schema/objectId.js:251:11)\n' +
    '    at SchemaObjectId.SchemaType.applySetters (/home/engine/project/node_modules/mongoose/lib/schemaType.js:1262:12)\n' +
    '    at SchemaObjectId.SchemaType.castForQuery (/home/engine/project/node_modules/mongoose/lib/schemaType.js:1698:17)\n' +
    '    at cast (/home/engine/project/node_modules/mongoose/lib/cast.js:390:32)\n' +
    '    at model.Query.Query.cast (/home/engine/project/node_modules/mongoose/lib/query.js:5060:12)\n' +
    '    at model.Query.Query._castConditions (/home/engine/project/node_modules/mongoose/lib/query.js:2374:10)\n' +
    '    at model.Query._findOne (/home/engine/project/node_modules/mongoose/lib/query.js:2697:8)\n' +
    '    at model.Query.exec (/home/engine/project/node_modules/mongoose/lib/query.js:4627:80)\n' +
    '    at processTicksAndRejections (node:internal/process/task_queues:95:5)\n' +
    '    at /home/engine/project/server/src/routes/matches.ts:231:19',
  url: '/api/matches/invalidid',
  method: 'GET'
}
